<?xml version="1.0" encoding="UTF-8"?>
<testsuite xmlns:xsi="http://www.w3.org/2001/XMLSchema-instance" xsi:noNamespaceSchemaLocation="https://maven.apache.org/surefire/maven-surefire-plugin/xsd/surefire-test-report-3.0.xsd" version="3.0" name="com.example.demo.TodoApplicationTests" time="5.225" tests="1" errors="0" skipped="0" failures="0">
  <properties>
[...]
</properties>
  <testcase name="contextLoads" classname="com.example.demo.TodoApplicationTests" time="0.9">
    <system-out><![CDATA[09:47:10.016 [main] INFO org.springframework.test.context.support.AnnotationConfigContextLoaderUtils -- Could not detect default configuration classes for test class [com.example.demo.TodoApplicationTests]: TodoApplicationTests does not declare any static, non-private, non-final, nested classes annotated with @Configuration.
09:47:10.158 [main] INFO org.springframework.boot.test.context.SpringBootTestContextBootstrapper -- Found @SpringBootConfiguration com.example.demo.TodoApplication for test class com.example.demo.TodoApplicationTests
09:47:10.361 [main] INFO org.springframework.boot.devtools.restart.RestartApplicationListener -- Restart disabled due to context in which it is running

  .   ____          _            __ _ _
 /\\ / ___'_ __ _ _(_)_ __  __ _ \ \ \ \
( ( )\___ | '_ | '_| | '_ \/ _` | \ \ \ \
 \\/  ___)| |_)| | | | | || (_| |  ) ) ) )
  '  |____| .__|_| |_|_| |_\__, | / / / /
 =========|_|==============|___/=/_/_/_/
 :: Spring Boot ::                (v3.2.2)

2024-02-19T09:47:10.725+09:00  INFO 17860 --- [           main] com.example.demo.TodoApplicationTests    : Starting TodoApplicationTests using Java 17.0.6 with PID 17860 (started by VC02097 in C:\pleiades\2022-12\workspace\todo)
2024-02-19T09:47:10.726+09:00  INFO 17860 --- [           main] com.example.demo.TodoApplicationTests    : The following 1 profile is active: "dev"
2024-02-19T09:47:11.556+09:00  INFO 17860 --- [           main] .s.d.r.c.RepositoryConfigurationDelegate : Bootstrapping Spring Data JDBC repositories in DEFAULT mode.
2024-02-19T09:47:11.576+09:00  INFO 17860 --- [           main] .s.d.r.c.RepositoryConfigurationDelegate : Finished Spring Data repository scanning in 13 ms. Found 0 JDBC repository interfaces.
2024-02-19T09:47:13.282+09:00  INFO 17860 --- [           main] com.zaxxer.hikari.HikariDataSource       : HikariPool-1 - Starting...
2024-02-19T09:47:13.718+09:00  INFO 17860 --- [           main] com.zaxxer.hikari.pool.HikariPool        : HikariPool-1 - Added connection com.mysql.cj.jdbc.ConnectionImpl@2b3f7704
2024-02-19T09:47:13.720+09:00  INFO 17860 --- [           main] com.zaxxer.hikari.HikariDataSource       : HikariPool-1 - Start completed.
2024-02-19T09:47:14.116+09:00  INFO 17860 --- [           main] com.example.demo.TodoApplicationTests    : Started TodoApplicationTests in 3.771 seconds (process running for 5.114)
]]></system-out>
  </testcase>
</testsuite>